<?xml version="1.0" encoding="UTF-8"?>
<!-- Generated by org.testng.reporters.JUnitReportReporter -->
<testsuite hostname="ORION_" failures="0" tests="1" name="automation_testing.LoginTest" time="5.921" errors="0" timestamp="2024-01-16T11:57:41 IST" skipped="0">
  <testcase classname="automation_testing.LoginTest" name="practiceLoginTest" time="5.921"/>
</testsuite> <!-- automation_testing.LoginTest -->
